Lotos CMS : лист изменений

0.7.2   23.03.2015
    ~ Исправлено экрнирование в названии статей (BOSS)
	
0.7.1   19.03.2015
    + Добавлена возможность устанавливать права доступа к конкретному полю (BOSS)

============================================================
Версия 0.7
============================================================
13.03.2015
	~ Исправлена ошибка при формировании SEF-ссылок с "якорем"
	
18.02.2015
	~ Исправлена ошибка в путях редактора CKEditor

03.02.2015
    + Добавлена настройка в BOSS : показывать или нет материалы подкатегорий

30.01.2015
    + Добавлена настройка в BOSS : количество статей на Главной

29.01.2015
    + Добавлен параметр в метод boss_html->displayTags : возможность удаления разделителя (запятой)

13.01.2015
	+ Добавлен компонент "Карта сайта" (com_xmap)
	+ Добавлен механизм создания Sitemap.xml
	+ Добавлен SEF-файл для com_banners
	+ Добавлен SEF-файл для com_search
	+ Добавлен SEF-файл для com_xmap
	+ Добавлен метод LHtml::inputType() генерирующий HTML-код : тег INPUT
	+ Добавлен параметр в LSef::getUrlToSef() : принудительное преобразование ссылки
	+ Добавлена возможность в SEF добавлять значение из адресной строки в task_val[] : [[ПАРАМЕТР]]
	+ Добавлены методы selectDays(), selectMonth(), selectYear() в библиотеку LibDateTime()
	~ Исправлены орфографические ошибки
	~ Исправлен метод LibText->text_to_url() : из строки не удаляется /
	- Удалён дубликат библиотеки LLang()

============================================================
Версия 0.6
============================================================
22.12.2014
	+ Добавлен метод, позволяющий добавлять пользовательский javascript-код LHtml::addJSCustom()
	+ Добавлен метод выводящий всплывающие подсказки LHtml::toolTip()
	~ Исправлена ошибка при подключении плагинов jQuery

26.11.2014
	~ Обновлены стили шаблона
	
25.11.2014
	+ В модуль GDNewsLotos добавлена поддержка плагина BossYouTubePlugin

20.11.2014
	+ Добавлен параметр в метод boss_html->displayListTags(). Параметр позволяет удалять запятые в тегах
	
09.10.2014
    + Добавлена возможность использовать пользовательские кнопки для вставки определенного кода в контент в редакторе CKEditor(editors-xtd)

07.10.2014
    ~ Исправлена ошибка при отображении страницы при отключенном сайте

02.10.2014
    + Создана система пользовательских шаблонов для BOSS
    ~ Файл шаблона featured_content.php переименован в featured_item.php

17.09.2014
    ~ Исправлена ошибка при удалении пользовательских модулей
    ~ Подправлен стиль компонента регистрации в шаблоне Default
    ~ Исправлена ошибка входа в Панель управления Manager и Administrator

10.09.2014
    + Добавлен пользовательский шаблон Brown
    + Добавлен пользовательский шаблон Green

08.08.2014
    ~ Компонент Poll частично переведён на новую "обёртка" БД
    ~ Компонент Modules частично переведён на новую "обёртка" БД
    ~ Компонент Plugins частично переведён на новую "обёртка" БД
    - Удалена поддержка mootools (JavaScript)
    - Удалена поддержка dTree (JavaScript) и метод loadDtree()
    - Удалён языковой файл com.gdpm.lang.ini
    - Удалена поддержка "чудесных таблиц" (jrow.js)
    - Удалён метод menuLinksContent()
    - Удалён метод menuLinksSecCat()
    - Удалён метод checkedOut()
    - Удалён метод CheckedOutProcessing()
    - Удалён метод AccessProcessing()
    - Удалён метод PublishedProcessing()
    - Удалён метод get_element()
    - Удалён метод get_image()
    - Удалён метод emailCloaking()
    - Удалён метод encoding_converter()

22.06.2014
    ~ Исправлена ошибка при использовании нестандартного порта

18.06.2014
    + Добавлен компонент FileManager - файловый менеджер
    + В библиотеку LibMySQLi добавлен метод getInfo() - данные о сервере и клиенте MySQLi
    + Расширена информация о состоянии БД в "Информация о системе" (Панель Управления)
    ~ Исправлен механизм разблокирования объектов таблиц
    ~ Исправлен вывод "Информация о системе" (Панель Управления)
    - Удалены устаревшие пункты меню в Панели Управления

============================================================
Версия 0.5
============================================================
22.05.2014
	+ В модуль GDNewsLotos добавлена поддержка плагина BossImageGalleryPlugin
	
11.05.2014
	+ Добавлен метод определения Главной страницы LCore::isFrontPage()
	~ Исправлено отображение Индекса материалов в BOSS
	~ Исправлено подключение JS и CSS в модуле GDFeedback
	
03.04.2014
    + В плагин JLImage добавлена обработка элементов ALT и TITLE

25.03.2014
	+ Добавлена настройка отображения модуля Calendar
	
24.03.2014
	+ Добавлена возможность выводить контент за определённую дату
	+ Добавлен модуль Calendar (модуль выводит календарь статей)
	+ Добавлен метод getDateName в библиотеку LibDateTime (возвращает дату формате [12 декабря 2014 года])
	~ Исправлена страница offline
	
20.03.2014
    + В плагин JLImage добавлена отработка Пользовательского элемента data-plugin-core
    + Добавлены настройки плагина BossImagePlugin
    ~ Исправлены ошибки плагина BossImagePlugin
    ~ Исправлена ошибка в модуле Insert PHP

19.03.2014
    + Создан демо-сайт
    + Добавлена возможность удалять ДЕМО-данные при установке

============================================================
Версия 0.4
============================================================
13.03.2014
    ~ Исправлен плагин BossURLPlugin
    ~ Исправлен плагин BossYouTubePlugin

12.03.2014
    ~ Обновлены версии JS-библиотек
    ~ Исправлен плагин BossImageGalleryPlugin

06.03.2014
    ~ Исправлены "Хлебные крошки"
    ~ Исправлена ошибка в датах при сохранении материалов
    ~ Исправлена ошибка при попытке сохранить пустое поле для редактирования

05.03.2014
    + Добавлен модуль Quote (модуль выводит случайные цитаты)

04.03.2014
	~ Исправлена ошибка при загрузке изображений в плагине BossImageGalleryPlugin
	
01.03.2014
	~ Исправлена ошибка при сохранении контента в компоненте BOSS
	- Удалён избыточный код (HTML5)
	
26.02.2014
    + Добавлен модуль GDSlider (модуль слайдшоу)
    + Добавлен модуль GDFeedback (модуль обратной связи)
    + Добавлен модуль Boss Content (модуль позволяет вставлять содержимое статьи)
    - Удалено управление Пользователями в BOSS
    - Удалено управление Расширениями в BOSS (установка/удаление)
    - Удалена интеграция профиля пользователя в BOSS
    - Удалено копирование плагинов BOSS при создание каталога

25.02.2014
    ~ Исправлен механизм установки модулей
    ~ Переписан механизм удаления модулей. Теперь модули ядра нельзя удалить полностью

============================================================
Версия 0.3
============================================================
07.02.2014
    ~ Переписан компонент com_trash

06.02.2014
    + Добавлена возможность привязывать модули к конкретным задачам (task) компонентов с помощью INI-файлов
    ~ Переписан механизм привязки модулей к URL

05.02.2014
    + Добавлена вспомогательная отладочная функция _m()
    ~ Исправлено расширение меню boss_item_content
    ~ Исправлено расширение меню boss_search
    ~ Исправлено расширение меню boss_show_profile
    ~ Исправлено расширение меню boss_show_rules
    ~ Исправлено расширение меню boss_show_user
    ~ Исправлено расширение меню boss_write_content

04.02.2014
    ~ Исправлено расширение меню boss_all_content
    ~ Исправлено расширение меню boss_category_content

03.02.2014
    ~ Исправлено расширение меню component
    ~ Исправлено расширение меню separator
    ~ Исправлено расширение меню url
    ~ Исправлено расширение меню userlist
    - Удалено расширение меню submit_content
    - Удалено расширение меню wrapper

============================================================
Версия 0.2
============================================================
01.02.2014
    ~ Переписан компонент com_menu
    ~ Исправлено расширение components для компонент com_menu

14.01.2014
    ~ Переписан компонент com_menumanager
    ~ Переписаны вспомогательные отладочные функции _p(), _a(), _v(), _x()
    + Добавлена вспомогательная отладочная функция _hr()

============================================================
Версия 0.1
============================================================
25.12.2013
	~ Замена путей расположения шаблонов
	~ Изменён механизм создания меню
	
12.12.2013
	~ Изменён механизм инсталляции CMS
	~ Смена мамботов на плагины

09.10.2013
	~ Оптимизирован класс, отвечающий за работу с данными по версии CMS
	
08.10.2013
	+ Первичная загрузка файлов : Joostina Lotos CMS v.1.4.4.r156 [Сaspica]